<?xml version="1.0" encoding="UTF-8"?>
<!-- Generated by org.testng.reporters.JUnitReportReporter -->
<testsuite hostname="WPU5CD012D3CPLW" failures="0" tests="1" name="com.OrangeHRM.OrangeHRM_Login_Mobile_View" time="15.617" errors="0" timestamp="2021-02-23T12:21:41 IST" skipped="0">
  <testcase classname="com.OrangeHRM.OrangeHRM_Login_Mobile_View" name="LoginSuccesful_Scenarion" time="15.617"/>
  <system-out/>
</testsuite> <!-- com.OrangeHRM.OrangeHRM_Login_Mobile_View -->
