<?xml version="1.0" encoding="UTF-8"?>
<!-- Generated by org.testng.reporters.JUnitReportReporter -->
<testsuite hostname="WPU5CD012D3CPLW" failures="0" tests="1" name="com.OrangeHRM.SSLCertificateExample" time="18.092" errors="0" timestamp="2021-02-25T12:18:41 IST" skipped="0">
  <testcase classname="com.OrangeHRM.SSLCertificateExample" name="openApplication" time="18.092"/>
  <system-out/>
</testsuite> <!-- com.OrangeHRM.SSLCertificateExample -->
