<?xml version="1.0" encoding="UTF-8"?>
<!-- Generated by org.testng.reporters.JUnitReportReporter -->
<testsuite hostname="WPU5CD012D3CPLW" failures="0" tests="3" name="com.OrangeHRM.OrageHRM_AddUser_DeleteUser_From_web_Table" time="35.007" errors="0" timestamp="2021-02-23T11:49:04 IST" skipped="0">
  <testcase classname="com.OrangeHRM.OrageHRM_AddUser_DeleteUser_From_web_Table" name="Sign_On" time="19.120"/>
  <system-out/>
  <testcase classname="com.OrangeHRM.OrageHRM_AddUser_DeleteUser_From_web_Table" name="AddUsers_Page" time="2.314"/>
  <system-out/>
  <testcase classname="com.OrangeHRM.OrageHRM_AddUser_DeleteUser_From_web_Table" name="VerifyAddedUser" time="13.573"/>
  <system-out/>
</testsuite> <!-- com.OrangeHRM.OrageHRM_AddUser_DeleteUser_From_web_Table -->
