<?xml version="1.0" encoding="UTF-8"?>
<!-- Generated by org.testng.reporters.JUnitReportReporter -->
<testsuite hostname="WPU5CD012D3CPLW" failures="0" tests="3" name="com.OrangeHRM.Move_hover_Example" time="47.559" errors="0" timestamp="2021-02-22T11:52:06 IST" skipped="0">
  <testcase classname="com.OrangeHRM.Move_hover_Example" name="Login" time="22.271"/>
  <system-out/>
  <testcase classname="com.OrangeHRM.Move_hover_Example" name="moiveHoveronAdmin" time="22.630"/>
  <system-out/>
  <testcase classname="com.OrangeHRM.Move_hover_Example" name="Logout" time="2.658"/>
  <system-out/>
</testsuite> <!-- com.OrangeHRM.Move_hover_Example -->
