<?xml version="1.0" encoding="UTF-8"?>
<!-- Generated by org.testng.reporters.JUnitReportReporter -->
<testsuite hostname="WPU5CD012D3CPLW" failures="0" tests="1" name="com.SingleExtentReport_Example.Proxy_Examaple" time="2.970" errors="0" timestamp="2021-03-01T11:53:27 IST" skipped="0">
  <testcase classname="com.SingleExtentReport_Example.Proxy_Examaple" name="HTTPAuth" time="2.970"/>
  <system-out/>
</testsuite> <!-- com.SingleExtentReport_Example.Proxy_Examaple -->
