<?xml version="1.0" encoding="UTF-8"?>
<!-- Generated by org.testng.reporters.JUnitReportReporter -->
<testsuite hostname="WPU5CD012D3CPLW" failures="0" tests="2" name="com.SingleExtentReport_Example.OrangeHRMLogin_TestNG2_HeadLess_Browser" time="4.225" errors="0" timestamp="2021-03-01T11:43:04 IST" skipped="0">
  <testcase classname="com.SingleExtentReport_Example.OrangeHRMLogin_TestNG2_HeadLess_Browser" name="Login" time="4.154"/>
  <system-out/>
  <testcase classname="com.SingleExtentReport_Example.OrangeHRMLogin_TestNG2_HeadLess_Browser" name="Logout" time="0.071"/>
  <system-out/>
</testsuite> <!-- com.SingleExtentReport_Example.OrangeHRMLogin_TestNG2_HeadLess_Browser -->
