<?xml version="1.0" encoding="UTF-8"?>
<!-- Generated by org.testng.reporters.JUnitReportReporter -->
<testsuite hostname="WPU5CD012D3CPLW" failures="0" tests="4" name="com.OrangeHRM.OrageHRM_AddUser_DropDown_Exaple" time="46.019" errors="0" timestamp="2021-02-22T12:59:29 IST" skipped="0">
  <testcase classname="com.OrangeHRM.OrageHRM_AddUser_DropDown_Exaple" name="Login" time="19.151"/>
  <system-out/>
  <testcase classname="com.OrangeHRM.OrageHRM_AddUser_DropDown_Exaple" name="moiveHoveronAdmin" time="21.560"/>
  <system-out/>
  <testcase classname="com.OrangeHRM.OrageHRM_AddUser_DropDown_Exaple" name="addUser" time="3.327"/>
  <system-out/>
  <testcase classname="com.OrangeHRM.OrageHRM_AddUser_DropDown_Exaple" name="Logout" time="1.981"/>
  <system-out/>
</testsuite> <!-- com.OrangeHRM.OrageHRM_AddUser_DropDown_Exaple -->
