<?xml version="1.0" encoding="UTF-8"?>
<!-- Generated by org.testng.reporters.JUnitReportReporter -->
<testsuite hostname="WPU5CD012D3CPLW" failures="0" tests="1" name="com.log4j.Orange_HRM_Prox_Log4j_example" time="5.047" errors="0" timestamp="2021-03-02T12:47:30 IST" skipped="0">
  <testcase classname="com.log4j.Orange_HRM_Prox_Log4j_example" name="OrangeHRM_Login" time="5.047"/>
  <system-out/>
</testsuite> <!-- com.log4j.Orange_HRM_Prox_Log4j_example -->
