<?xml version="1.0" encoding="UTF-8"?>
<!-- Generated by org.testng.reporters.JUnitReportReporter -->
<testsuite hostname="WPU5CD012D3CPLW" failures="0" tests="1" name="com.OrangeHRM.DragAndDropExample" time="20.293" errors="0" timestamp="2021-02-24T11:31:30 IST" skipped="0">
  <testcase classname="com.OrangeHRM.DragAndDropExample" name="dragDropTest" time="20.293"/>
  <system-out/>
</testsuite> <!-- com.OrangeHRM.DragAndDropExample -->
