<?xml version="1.0" encoding="UTF-8"?>
<!-- Generated by org.testng.reporters.JUnitReportReporter -->
<testsuite hostname="WPU5CD012D3CPLW" failures="0" tests="1" name="com.OrangeHRM.Orange_HRM_Read_prop_Example" time="7.138" errors="0" timestamp="2021-02-26T11:43:47 IST" skipped="0">
  <testcase classname="com.OrangeHRM.Orange_HRM_Read_prop_Example" name="Login" time="7.138"/>
  <system-out/>
</testsuite> <!-- com.OrangeHRM.Orange_HRM_Read_prop_Example -->
