<?xml version="1.0" encoding="UTF-8"?>
<!-- Generated by org.testng.reporters.JUnitReportReporter -->
<testsuite hostname="WPU5CD012D3CPLW" failures="0" tests="2" name="com.OrangeHRM.Parellel_Thread_Example" time="37.643" errors="0" timestamp="2021-02-25T10:41:05 IST" skipped="0">
  <testcase classname="com.OrangeHRM.Parellel_Thread_Example" name="EdgeTest" time="21.749"/>
  <system-out/>
  <testcase classname="com.OrangeHRM.Parellel_Thread_Example" name="ChromeTest" time="15.894"/>
  <system-out/>
</testsuite> <!-- com.OrangeHRM.Parellel_Thread_Example -->
