<?xml version="1.0" encoding="UTF-8"?>
<!-- Generated by org.testng.reporters.JUnitReportReporter -->
<testsuite hostname="WPU5CD012D3CPLW" failures="0" tests="2" name="com.OrangeHRM.OrangeHRMLogin_TestNG2_HeadLess_Browser" time="13.039" errors="0" timestamp="2021-02-19T13:25:35 IST" skipped="0">
  <testcase classname="com.OrangeHRM.OrangeHRMLogin_TestNG2_HeadLess_Browser" name="Login" time="12.822"/>
  <system-out/>
  <testcase classname="com.OrangeHRM.OrangeHRMLogin_TestNG2_HeadLess_Browser" name="Logout" time="0.217"/>
  <system-out/>
</testsuite> <!-- com.OrangeHRM.OrangeHRMLogin_TestNG2_HeadLess_Browser -->
