<?xml version="1.0" encoding="UTF-8"?>
<!-- Generated by org.testng.reporters.JUnitReportReporter -->
<testsuite hostname="WPU5CD012D3CPLW" failures="0" tests="2" name="com.OrangeHRM.ScreenShotExample" time="13.088" errors="0" timestamp="2021-02-26T12:34:55 IST" skipped="0">
  <testcase classname="com.OrangeHRM.ScreenShotExample" name="LaunchBrowser" time="2.000"/>
  <system-out/>
  <testcase classname="com.OrangeHRM.ScreenShotExample" name="OrangeHRM_Login" time="11.088"/>
  <system-out/>
</testsuite> <!-- com.OrangeHRM.ScreenShotExample -->
