<?xml version="1.0" encoding="UTF-8"?>
<!-- Generated by org.testng.reporters.JUnitReportReporter -->
<testsuite hostname="WPU5CD012D3CPLW" failures="0" tests="2" name="com.OrangeHRM.OrangeHRMLogin_TestNG2_Xpath_Wait_Implict_And_Explicit" time="12.045" errors="0" timestamp="2021-02-19T13:10:27 IST" skipped="0">
  <testcase classname="com.OrangeHRM.OrangeHRMLogin_TestNG2_Xpath_Wait_Implict_And_Explicit" name="Login" time="11.797"/>
  <system-out/>
  <testcase classname="com.OrangeHRM.OrangeHRMLogin_TestNG2_Xpath_Wait_Implict_And_Explicit" name="Logout" time="0.248"/>
  <system-out/>
</testsuite> <!-- com.OrangeHRM.OrangeHRMLogin_TestNG2_Xpath_Wait_Implict_And_Explicit -->
