<?xml version="1.0" encoding="UTF-8"?>
<!-- Generated by org.testng.reporters.JUnitReportReporter -->
<testsuite hostname="WPU5CD012D3CPLW" failures="0" tests="1" name="com.OrangeHRM.HTTP_Auth_Handling_Example" time="29.718" errors="0" timestamp="2021-02-26T10:10:43 IST" skipped="0">
  <testcase classname="com.OrangeHRM.HTTP_Auth_Handling_Example" name="HTTPAuth" time="29.718"/>
  <system-out/>
</testsuite> <!-- com.OrangeHRM.HTTP_Auth_Handling_Example -->
