<?xml version="1.0" encoding="UTF-8"?>
<!-- Generated by org.testng.reporters.JUnitReportReporter -->
<testsuite hostname="WPU5CD012D3CPLW" failures="0" tests="1" name="com.OrangeHRM.Proxy_Examaple" time="3.285" errors="0" timestamp="2021-02-26T11:03:42 IST" skipped="0">
  <testcase classname="com.OrangeHRM.Proxy_Examaple" name="HTTPAuth" time="3.285"/>
  <system-out/>
</testsuite> <!-- com.OrangeHRM.Proxy_Examaple -->
