<?xml version="1.0" encoding="UTF-8"?>
<!-- Generated by org.testng.reporters.JUnitReportReporter -->
<testsuite hostname="WPU5CD012D3CPLW" failures="0" tests="1" name="com.OrangeHRM.SauceLabTestingExample" time="26.131" errors="0" timestamp="2021-02-25T12:13:49 IST" skipped="0">
  <testcase classname="com.OrangeHRM.SauceLabTestingExample" name="SauceLab_Example" time="26.131"/>
  <system-out/>
</testsuite> <!-- com.OrangeHRM.SauceLabTestingExample -->
