<?xml version="1.0" encoding="UTF-8"?>
<!-- Generated by org.testng.reporters.JUnitReportReporter -->
<testsuite hostname="WPU5CD012D3CPLW" failures="0" tests="3" name="com.OrangeHRM.OrangeHRMLogin_DataProvider_Example_Parameteriztion" time="61.474" errors="0" timestamp="2021-02-23T13:15:35 IST" skipped="0">
  <testcase classname="com.OrangeHRM.OrangeHRMLogin_DataProvider_Example_Parameteriztion" name="Login" time="22.425"/>
  <system-out/>
  <testcase classname="com.OrangeHRM.OrangeHRMLogin_DataProvider_Example_Parameteriztion" name="Login" time="19.475"/>
  <system-out/>
  <testcase classname="com.OrangeHRM.OrangeHRMLogin_DataProvider_Example_Parameteriztion" name="Login" time="19.574"/>
  <system-out/>
</testsuite> <!-- com.OrangeHRM.OrangeHRMLogin_DataProvider_Example_Parameteriztion -->
