<?xml version="1.0" encoding="UTF-8"?>
<!-- Generated by org.testng.reporters.JUnitReportReporter -->
<testsuite hostname="WPU5CD012D3CPLW" failures="0" tests="2" name="com.SingleExtentReport_Example.OrangeHRMLogin_TestNG" time="27.705" errors="0" timestamp="2021-03-01T11:53:27 IST" skipped="0">
  <testcase classname="com.SingleExtentReport_Example.OrangeHRMLogin_TestNG" name="Login" time="25.247"/>
  <system-out/>
  <testcase classname="com.SingleExtentReport_Example.OrangeHRMLogin_TestNG" name="Logout" time="2.458"/>
  <system-out/>
</testsuite> <!-- com.SingleExtentReport_Example.OrangeHRMLogin_TestNG -->
