<?xml version="1.0" encoding="UTF-8"?>
<!-- Generated by org.testng.reporters.JUnitReportReporter -->
<testsuite hostname="WPU5CD012D3CPLW" failures="0" tests="3" name="com.OrangeHRM.OrageHRM_AddUser_Creat_Search_Delete" time="43.365" errors="0" timestamp="2021-02-23T10:48:43 IST" skipped="0">
  <testcase classname="com.OrangeHRM.OrageHRM_AddUser_Creat_Search_Delete" name="deleteUser" time="0.003"/>
  <system-out/>
  <testcase classname="com.OrangeHRM.OrageHRM_AddUser_Creat_Search_Delete" name="searchUser" time="0.000"/>
  <system-out/>
  <testcase classname="com.OrangeHRM.OrageHRM_AddUser_Creat_Search_Delete" name="Search" time="43.362"/>
  <system-out/>
</testsuite> <!-- com.OrangeHRM.OrageHRM_AddUser_Creat_Search_Delete -->
